[2025-12-11T22:31:04.031+0000] {local_task_job_runner.py:120} INFO - ::group::Pre task execution logs
[2025-12-11T22:31:04.058+0000] {taskinstance.py:2076} INFO - Dependencies all met for dep_context=non-requeueable deps ti=<TaskInstance: acidentes_2025_dag.clean_task manual__2025-12-11T22:31:00+00:00 [queued]>
[2025-12-11T22:31:04.065+0000] {taskinstance.py:2076} INFO - Dependencies all met for dep_context=requeueable deps ti=<TaskInstance: acidentes_2025_dag.clean_task manual__2025-12-11T22:31:00+00:00 [queued]>
[2025-12-11T22:31:04.066+0000] {taskinstance.py:2306} INFO - Starting attempt 1 of 1
[2025-12-11T22:31:04.079+0000] {taskinstance.py:2330} INFO - Executing <Task(PythonOperator): clean_task> on 2025-12-11 22:31:00+00:00
[2025-12-11T22:31:04.087+0000] {standard_task_runner.py:63} INFO - Started process 417 to run task
[2025-12-11T22:31:04.089+0000] {standard_task_runner.py:90} INFO - Running: ['***', 'tasks', 'run', 'acidentes_2025_dag', 'clean_task', 'manual__2025-12-11T22:31:00+00:00', '--job-id', '5', '--raw', '--subdir', 'DAGS_FOLDER/acidentes_2025_dag.py', '--cfg-path', '/tmp/tmp8tz1rxey']
[2025-12-11T22:31:04.092+0000] {standard_task_runner.py:91} INFO - Job 5: Subtask clean_task
[2025-12-11T22:31:04.136+0000] {task_command.py:426} INFO - Running <TaskInstance: acidentes_2025_dag.clean_task manual__2025-12-11T22:31:00+00:00 [running]> on host 1acff6baab76
[2025-12-11T22:31:04.203+0000] {taskinstance.py:2648} INFO - Exporting env vars: AIRFLOW_CTX_DAG_OWNER='***' AIRFLOW_CTX_DAG_ID='acidentes_2025_dag' AIRFLOW_CTX_TASK_ID='clean_task' AIRFLOW_CTX_EXECUTION_DATE='2025-12-11T22:31:00+00:00' AIRFLOW_CTX_TRY_NUMBER='1' AIRFLOW_CTX_DAG_RUN_ID='manual__2025-12-11T22:31:00+00:00'
[2025-12-11T22:31:04.204+0000] {taskinstance.py:430} INFO - ::endgroup::
[2025-12-11T22:31:04.278+0000] {logging_mixin.py:188} INFO - CSV carregado com sucesso: 96 linhas
[2025-12-11T22:31:04.279+0000] {logging_mixin.py:188} INFO - Colunas ausentes: {'horario', 'ignorados', 'feridos', 'uso_solo', 'br', 'fase_dia', 'km', 'causa_acidente', 'veiculos', 'mortos', 'classificacao_acidente', 'feridos_graves', 'uop', 'uf', 'ilesos', 'condicao_metereologica', 'feridos_leves', 'sentido_via', 'tipo_acidente', 'dia_semana', 'tipo_pista', 'id', 'latitude', 'delegacia', 'longitude', 'pessoas', 'data_inversa', 'municipio', 'tracado_via', 'regional'}
[2025-12-11T22:31:04.280+0000] {logging_mixin.py:188} INFO - Colunas extras ignoradas: {'ï»¿"id",data_inversa,dia_semana,horario,uf,br,km,municipio,causa_acidente,tipo_acidente,classificacao_acidente,fase_dia,sentido_via,condicao_metereologica,tipo_pista,tracado_via,uso_solo,pessoas,mortos,feridos_leves,feridos_graves,ilesos,ignorados,feridos,veiculos,latitude,longitude,regional,delegacia,uop'}
[2025-12-11T22:31:04.282+0000] {taskinstance.py:441} INFO - ::group::Post task execution logs
[2025-12-11T22:31:04.283+0000] {taskinstance.py:2905} ERROR - Task failed with exception
Traceback (most recent call last):
  File "/home/airflow/.local/lib/python3.12/site-packages/pandas/core/indexes/base.py", line 3791, in get_loc
    return self._engine.get_loc(casted_key)
           ^^^^^^^^^^^^^^^^^^^^^^^^^^^^^^^^
  File "index.pyx", line 152, in pandas._libs.index.IndexEngine.get_loc
  File "index.pyx", line 181, in pandas._libs.index.IndexEngine.get_loc
  File "pandas/_libs/hashtable_class_helper.pxi", line 7080, in pandas._libs.hashtable.PyObjectHashTable.get_item
  File "pandas/_libs/hashtable_class_helper.pxi", line 7088, in pandas._libs.hashtable.PyObjectHashTable.get_item
KeyError: 'id'

The above exception was the direct cause of the following exception:

Traceback (most recent call last):
  File "/home/airflow/.local/lib/python3.12/site-packages/airflow/models/taskinstance.py", line 465, in _execute_task
    result = _execute_callable(context=context, **execute_callable_kwargs)
             ^^^^^^^^^^^^^^^^^^^^^^^^^^^^^^^^^^^^^^^^^^^^^^^^^^^^^^^^^^^^^
  File "/home/airflow/.local/lib/python3.12/site-packages/airflow/models/taskinstance.py", line 432, in _execute_callable
    return execute_callable(context=context, **execute_callable_kwargs)
           ^^^^^^^^^^^^^^^^^^^^^^^^^^^^^^^^^^^^^^^^^^^^^^^^^^^^^^^^^^^^
  File "/home/airflow/.local/lib/python3.12/site-packages/airflow/models/baseoperator.py", line 400, in wrapper
    return func(self, *args, **kwargs)
           ^^^^^^^^^^^^^^^^^^^^^^^^^^^
  File "/home/airflow/.local/lib/python3.12/site-packages/airflow/operators/python.py", line 235, in execute
    return_value = self.execute_callable()
                   ^^^^^^^^^^^^^^^^^^^^^^^
  File "/home/airflow/.local/lib/python3.12/site-packages/airflow/operators/python.py", line 252, in execute_callable
    return self.python_callable(*self.op_args, **self.op_kwargs)
           ^^^^^^^^^^^^^^^^^^^^^^^^^^^^^^^^^^^^^^^^^^^^^^^^^^^^^
  File "/opt/airflow/dags/acidentes_2025_dag.py", line 46, in task_clean
    df_clean = transform_pipeline(local_path)
               ^^^^^^^^^^^^^^^^^^^^^^^^^^^^^^
  File "/opt/airflow/dags/transformacao.py", line 91, in transform_pipeline
    df = normalize_types(df)
         ^^^^^^^^^^^^^^^^^^^
  File "/opt/airflow/dags/transformacao.py", line 53, in normalize_types
    df['id'] = pd.to_numeric(df['id'], errors='coerce', downcast='integer')
                             ~~^^^^^^
  File "/home/airflow/.local/lib/python3.12/site-packages/pandas/core/frame.py", line 3893, in __getitem__
    indexer = self.columns.get_loc(key)
              ^^^^^^^^^^^^^^^^^^^^^^^^^
  File "/home/airflow/.local/lib/python3.12/site-packages/pandas/core/indexes/base.py", line 3798, in get_loc
    raise KeyError(key) from err
KeyError: 'id'
[2025-12-11T22:31:04.310+0000] {taskinstance.py:1206} INFO - Marking task as FAILED. dag_id=acidentes_2025_dag, task_id=clean_task, run_id=manual__2025-12-11T22:31:00+00:00, execution_date=20251211T223100, start_date=20251211T223104, end_date=20251211T223104
[2025-12-11T22:31:04.322+0000] {standard_task_runner.py:110} ERROR - Failed to execute job 5 for task clean_task ('id'; 417)
[2025-12-11T22:31:04.343+0000] {local_task_job_runner.py:240} INFO - Task exited with return code 1
[2025-12-11T22:31:04.382+0000] {taskinstance.py:3498} INFO - 0 downstream tasks scheduled from follow-on schedule check
[2025-12-11T22:31:04.387+0000] {local_task_job_runner.py:222} INFO - ::endgroup::
